0 info it worked if it ends with ok
1 verbose cli [ '/home/jordan/.nvm/versions/io.js/v2.5.0/bin/iojs',
1 verbose cli   '/home/jordan/.nvm/versions/io.js/v2.5.0/bin/npm',
1 verbose cli   'start' ]
2 info using npm@2.13.2
3 info using node@v2.5.0
4 verbose run-script [ 'prestart', 'start', 'poststart' ]
5 info prestart kibana-tut@1.0.0
6 info start kibana-tut@1.0.0
7 verbose unsafe-perm in lifecycle true
8 info kibana-tut@1.0.0 Failed to exec start script
9 verbose stack Error: kibana-tut@1.0.0 start: `nodemon server/server.js`
9 verbose stack Exit status 1
9 verbose stack     at EventEmitter.<anonymous> (/home/jordan/.nvm/versions/io.js/v2.5.0/lib/node_modules/npm/lib/utils/lifecycle.js:214:16)
9 verbose stack     at emitTwo (events.js:87:13)
9 verbose stack     at EventEmitter.emit (events.js:172:7)
9 verbose stack     at ChildProcess.<anonymous> (/home/jordan/.nvm/versions/io.js/v2.5.0/lib/node_modules/npm/lib/utils/spawn.js:24:14)
9 verbose stack     at emitTwo (events.js:87:13)
9 verbose stack     at ChildProcess.emit (events.js:172:7)
9 verbose stack     at maybeClose (internal/child_process.js:764:16)
9 verbose stack     at Process.ChildProcess._handle.onexit (internal/child_process.js:211:5)
10 verbose pkgid kibana-tut@1.0.0
11 verbose cwd /home/jordan/code/github/JordanKisiel/kibana-tut
12 error Linux 6.6.87.1-microsoft-standard-WSL2
13 error argv "/home/jordan/.nvm/versions/io.js/v2.5.0/bin/iojs" "/home/jordan/.nvm/versions/io.js/v2.5.0/bin/npm" "start"
14 error node v2.5.0
15 error npm  v2.13.2
16 error code ELIFECYCLE
17 error kibana-tut@1.0.0 start: `nodemon server/server.js`
17 error Exit status 1
18 error Failed at the kibana-tut@1.0.0 start script 'nodemon server/server.js'.
18 error This is most likely a problem with the kibana-tut package,
18 error not with npm itself.
18 error Tell the author that this fails on your system:
18 error     nodemon server/server.js
18 error You can get their info via:
18 error     npm owner ls kibana-tut
18 error There is likely additional logging output above.
19 verbose exit [ 1, true ]
